App 3502570 output: internal/modules/cjs/loader.js:638
App 3502570 output:     throw err;
App 3502570 output:     ^
App 3502570 output: Error: Cannot find module 'socket.io'
App 3502570 output:     at Function.Module._resolveFilename (internal/modules/cjs/loader.js:636:15)
App 3502570 output:     at Function.Module._load (internal/modules/cjs/loader.js:562:25)
App 3502570 output:     at Module.require (internal/modules/cjs/loader.js:692:17)
App 3502570 output:     at Module.require (/opt/cpanel/ea-ruby27/root/usr/share/passenger/helper-scripts/node-loader.js:80:25)
App 3502570 output:     at require (internal/modules/cjs/helpers.js:25:18)
App 3502570 output:     at Object.<anonymous> (/home/lok3rn5/fastlobby.com/server.js:7:12)
App 3502570 output:     at Module._compile (internal/modules/cjs/loader.js:778:30)
App 3502570 output:     at Object.Module._extensions..js (internal/modules/cjs/loader.js:789:10)
App 3502570 output:     at Module.load (internal/modules/cjs/loader.js:653:32)
App 3502570 output:     at tryModuleLoad (internal/modules/cjs/loader.js:593:12)
App 3578799 output: internal/modules/cjs/loader.js:638
App 3578799 output:     throw err;
App 3578799 output:     ^
App 3578799 output: Error: Cannot find module 'socket.io'
App 3578799 output:     at Function.Module._resolveFilename (internal/modules/cjs/loader.js:636:15)
App 3578799 output:     at Function.Module._load (internal/modules/cjs/loader.js:562:25)
App 3578799 output:     at Module.require (internal/modules/cjs/loader.js:692:17)
App 3578799 output:     at Module.require (/opt/cpanel/ea-ruby27/root/usr/share/passenger/helper-scripts/node-loader.js:80:25)
App 3578799 output:     at require (internal/modules/cjs/helpers.js:25:18)
App 3578799 output:     at Object.<anonymous> (/home/lok3rn5/fastlobby.com/server.js:7:12)
App 3578799 output:     at Module._compile (internal/modules/cjs/loader.js:778:30)
App 3578799 output:     at Object.Module._extensions..js (internal/modules/cjs/loader.js:789:10)
App 3578799 output:     at Module.load (internal/modules/cjs/loader.js:653:32)
App 3578799 output:     at tryModuleLoad (internal/modules/cjs/loader.js:593:12)
App 3605723 output: internal/modules/cjs/loader.js:638
App 3605723 output:     throw err;
App 3605723 output:     ^
App 3605723 output: Error: Cannot find module 'express'
App 3605723 output:     at Function.Module._resolveFilename (internal/modules/cjs/loader.js:636:15)
App 3605723 output:     at Function.Module._load (internal/modules/cjs/loader.js:562:25)
App 3605723 output:     at Module.require (internal/modules/cjs/loader.js:692:17)
App 3605723 output:     at Module.require (/opt/cpanel/ea-ruby27/root/usr/share/passenger/helper-scripts/node-loader.js:80:25)
App 3605723 output:     at require (internal/modules/cjs/helpers.js:25:18)
App 3605723 output:     at Object.<anonymous> (/home/lok3rn5/fastlobby.com/server.js:1:17)
App 3605723 output:     at Module._compile (internal/modules/cjs/loader.js:778:30)
App 3605723 output:     at Object.Module._extensions..js (internal/modules/cjs/loader.js:789:10)
App 3605723 output:     at Module.load (internal/modules/cjs/loader.js:653:32)
App 3605723 output:     at tryModuleLoad (internal/modules/cjs/loader.js:593:12)
App 3623138 output: internal/modules/cjs/loader.js:638
App 3623138 output:     throw err;
App 3623138 output:     ^
App 3623138 output: Error: Cannot find module 'express'
App 3623138 output:     at Function.Module._resolveFilename (internal/modules/cjs/loader.js:636:15)
App 3623138 output:     at Function.Module._load (internal/modules/cjs/loader.js:562:25)
App 3623138 output:     at Module.require (internal/modules/cjs/loader.js:692:17)
App 3623138 output:     at Module.require (/opt/cpanel/ea-ruby27/root/usr/share/passenger/helper-scripts/node-loader.js:80:25)
App 3623138 output:     at require (internal/modules/cjs/helpers.js:25:18)
App 3623138 output:     at Object.<anonymous> (/home/lok3rn5/fastlobby.com/server.js:1:17)
App 3623138 output:     at Module._compile (internal/modules/cjs/loader.js:778:30)
App 3623138 output:     at Object.Module._extensions..js (internal/modules/cjs/loader.js:789:10)
App 3623138 output:     at Module.load (internal/modules/cjs/loader.js:653:32)
App 3623138 output:     at tryModuleLoad (internal/modules/cjs/loader.js:593:12)
App 3769788 output: internal/modules/cjs/loader.js:638
App 3769788 output:     throw err;
App 3769788 output:     ^
App 3769788 output: Error: Cannot find module 'express'
App 3769788 output:     at Function.Module._resolveFilename (internal/modules/cjs/loader.js:636:15)
App 3769788 output:     at Function.Module._load (internal/modules/cjs/loader.js:562:25)
App 3769788 output:     at Module.require (internal/modules/cjs/loader.js:692:17)
App 3769788 output:     at Module.require (/opt/cpanel/ea-ruby27/root/usr/share/passenger/helper-scripts/node-loader.js:80:25)
App 3769788 output:     at require (internal/modules/cjs/helpers.js:25:18)
App 3769788 output:     at Object.<anonymous> (/home/lok3rn5/fastlobby.com/server.js:1:17)
App 3769788 output:     at Module._compile (internal/modules/cjs/loader.js:778:30)
App 3769788 output:     at Object.Module._extensions..js (internal/modules/cjs/loader.js:789:10)
App 3769788 output:     at Module.load (internal/modules/cjs/loader.js:653:32)
App 3769788 output:     at tryModuleLoad (internal/modules/cjs/loader.js:593:12)
App 3773557 output: internal/modules/cjs/loader.js:638
App 3773557 output:     throw err;
App 3773557 output:     ^
App 3773557 output: Error: Cannot find module 'express'
App 3773557 output:     at Function.Module._resolveFilename (internal/modules/cjs/loader.js:636:15)
App 3773557 output:     at Function.Module._load (internal/modules/cjs/loader.js:562:25)
App 3773557 output:     at Module.require (internal/modules/cjs/loader.js:692:17)
App 3773557 output:     at Module.require (/opt/cpanel/ea-ruby27/root/usr/share/passenger/helper-scripts/node-loader.js:80:25)
App 3773557 output:     at require (internal/modules/cjs/helpers.js:25:18)
App 3773557 output:     at Object.<anonymous> (/home/lok3rn5/fastlobby.com/server.js:1:17)
App 3773557 output:     at Module._compile (internal/modules/cjs/loader.js:778:30)
App 3773557 output:     at Object.Module._extensions..js (internal/modules/cjs/loader.js:789:10)
App 3773557 output:     at Module.load (internal/modules/cjs/loader.js:653:32)
App 3773557 output:     at tryModuleLoad (internal/modules/cjs/loader.js:593:12)
App 3857057 output: internal/modules/cjs/loader.js:638
App 3857057 output:     throw err;
App 3857057 output:     ^
App 3857057 output: Error: Cannot find module 'socket.io'
App 3857057 output:     at Function.Module._resolveFilename (internal/modules/cjs/loader.js:636:15)
App 3857057 output:     at Function.Module._load (internal/modules/cjs/loader.js:562:25)
App 3857057 output:     at Module.require (internal/modules/cjs/loader.js:692:17)
App 3857057 output:     at Module.require (/opt/cpanel/ea-ruby27/root/usr/share/passenger/helper-scripts/node-loader.js:80:25)
App 3857057 output:     at require (internal/modules/cjs/helpers.js:25:18)
App 3857057 output:     at Object.<anonymous> (/home/lok3rn5/fastlobby.com/server.js:7:12)
App 3857057 output:     at Module._compile (internal/modules/cjs/loader.js:778:30)
App 3857057 output:     at Object.Module._extensions..js (internal/modules/cjs/loader.js:789:10)
App 3857057 output:     at Module.load (internal/modules/cjs/loader.js:653:32)
App 3857057 output:     at tryModuleLoad (internal/modules/cjs/loader.js:593:12)
App 3863872 output: internal/modules/cjs/loader.js:638
App 3863872 output:     throw err;
App 3863872 output:     ^
App 3863872 output: Error: Cannot find module 'socket.io'
App 3863872 output:     at Function.Module._resolveFilename (internal/modules/cjs/loader.js:636:15)
App 3863872 output:     at Function.Module._load (internal/modules/cjs/loader.js:562:25)
App 3863872 output:     at Module.require (internal/modules/cjs/loader.js:692:17)
App 3863872 output:     at Module.require (/opt/cpanel/ea-ruby27/root/usr/share/passenger/helper-scripts/node-loader.js:80:25)
App 3863872 output:     at require (internal/modules/cjs/helpers.js:25:18)
App 3863872 output:     at Object.<anonymous> (/home/lok3rn5/fastlobby.com/server.js:7:12)
App 3863872 output:     at Module._compile (internal/modules/cjs/loader.js:778:30)
App 3863872 output:     at Object.Module._extensions..js (internal/modules/cjs/loader.js:789:10)
App 3863872 output:     at Module.load (internal/modules/cjs/loader.js:653:32)
App 3863872 output:     at tryModuleLoad (internal/modules/cjs/loader.js:593:12)
App 3875694 output: internal/modules/cjs/loader.js:638
App 3875694 output:     throw err;
App 3875694 output:     ^
App 3875694 output: Error: Cannot find module 'socket.io'
App 3875694 output:     at Function.Module._resolveFilename (internal/modules/cjs/loader.js:636:15)
App 3875694 output:     at Function.Module._load (internal/modules/cjs/loader.js:562:25)
App 3875694 output:     at Module.require (internal/modules/cjs/loader.js:692:17)
App 3875694 output:     at Module.require (/opt/cpanel/ea-ruby27/root/usr/share/passenger/helper-scripts/node-loader.js:80:25)
App 3875694 output:     at require (internal/modules/cjs/helpers.js:25:18)
App 3875694 output:     at Object.<anonymous> (/home/lok3rn5/fastlobby.com/server.js:7:12)
App 3875694 output:     at Module._compile (internal/modules/cjs/loader.js:778:30)
App 3875694 output:     at Object.Module._extensions..js (internal/modules/cjs/loader.js:789:10)
App 3875694 output:     at Module.load (internal/modules/cjs/loader.js:653:32)
App 3875694 output:     at tryModuleLoad (internal/modules/cjs/loader.js:593:12)
App 3895540 output: internal/modules/cjs/loader.js:638
App 3895540 output:     throw err;
App 3895540 output:     ^
App 3895540 output: Error: Cannot find module 'socket.io'
App 3895540 output:     at Function.Module._resolveFilename (internal/modules/cjs/loader.js:636:15)
App 3895540 output:     at Function.Module._load (internal/modules/cjs/loader.js:562:25)
App 3895540 output:     at Module.require (internal/modules/cjs/loader.js:692:17)
App 3895540 output:     at Module.require (/opt/cpanel/ea-ruby27/root/usr/share/passenger/helper-scripts/node-loader.js:80:25)
App 3895540 output:     at require (internal/modules/cjs/helpers.js:25:18)
App 3895540 output:     at Object.<anonymous> (/home/lok3rn5/fastlobby.com/server.js:7:12)
App 3895540 output:     at Module._compile (internal/modules/cjs/loader.js:778:30)
App 3895540 output:     at Object.Module._extensions..js (internal/modules/cjs/loader.js:789:10)
App 3895540 output:     at Module.load (internal/modules/cjs/loader.js:653:32)
App 3895540 output:     at tryModuleLoad (internal/modules/cjs/loader.js:593:12)
App 3974914 output: internal/modules/cjs/loader.js:638
App 3974914 output:     throw err;
App 3974914 output:     ^
App 3974914 output: Error: Cannot find module 'socket.io'
App 3974914 output:     at Function.Module._resolveFilename (internal/modules/cjs/loader.js:636:15)
App 3974914 output:     at Function.Module._load (internal/modules/cjs/loader.js:562:25)
App 3974914 output:     at Module.require (internal/modules/cjs/loader.js:692:17)
App 3974914 output:     at Module.require (/opt/cpanel/ea-ruby27/root/usr/share/passenger/helper-scripts/node-loader.js:80:25)
App 3974914 output:     at require (internal/modules/cjs/helpers.js:25:18)
App 3974914 output:     at Object.<anonymous> (/home/lok3rn5/fastlobby.com/server.js:7:12)
App 3974914 output:     at Module._compile (internal/modules/cjs/loader.js:778:30)
App 3974914 output:     at Object.Module._extensions..js (internal/modules/cjs/loader.js:789:10)
App 3974914 output:     at Module.load (internal/modules/cjs/loader.js:653:32)
App 3974914 output:     at tryModuleLoad (internal/modules/cjs/loader.js:593:12)
